<?xml version="1.0" encoding="UTF-8"?>
<!-- Generated by org.testng.reporters.JUnitXMLReporter -->
<testsuite ignored="0" hostname="IN-PG02NMAH" failures="0" tests="1" name="Surefire test" time="0.046" errors="0" timestamp="2024-07-29T23:52:04 IST">
  <testcase classname="com.automation.generic.BaseClass" name="@BeforeTest Reports" time="0.01">
    <failure type="java.lang.AssertionError" message="null">
      <![CDATA[java.lang.AssertionError: null
at com.automation.generic.BaseClass.Reports(BaseClass.java:31)
... Removed 29 stack frames]]>
    </failure>
  </testcase> <!-- @BeforeTest Reports -->
  <testcase classname="com.automation.generic.BaseClass" name="@BeforeClass Openapp" time="0.0">
    <skipped/>
  </testcase> <!-- @BeforeClass Openapp -->
  <testcase classname="com.automation.generic.BaseClass" name="@BeforeMethod nyTimeLogin" time="0.0">
    <skipped/>
  </testcase> <!-- @BeforeMethod nyTimeLogin -->
  <testcase classname="com.automation.generic.BaseClass" name="@AfterMethod logout" time="0.0">
    <skipped/>
  </testcase> <!-- @AfterMethod logout -->
  <testcase classname="com.automation.generic.BaseClass" name="@AfterClass closeapp" time="0.0">
    <skipped/>
  </testcase> <!-- @AfterClass closeapp -->
  <testcase classname="com.automation.generic.BaseClass" name="@AfterTest flush" time="0.0">
    <skipped/>
  </testcase> <!-- @AfterTest flush -->
  <testcase classname="com.automation.TestScripts.TestScripts1" name="Test" time="0.0">
    <skipped/>
  </testcase> <!-- Test -->
</testsuite> <!-- Surefire test -->
