<?xml version="1.0" encoding="UTF-8"?>
<!-- Generated by org.testng.reporters.JUnitXMLReporter -->
<testsuite ignored="6" hostname="IN-PG02NMAH" failures="0" tests="1" name="Test Cross chrome" time="20.344" errors="0" timestamp="2024-07-30T13:29:42 IST">
  <testcase classname="com.automation.TestScripts.SearchAnyKeyword" name="Test" time="2.156"/>
  <testcase classname="com.automation.generic.BaseClass" name="@BeforeTest Reports" time="0.0">
    <ignored/>
  </testcase> <!-- @BeforeTest Reports -->
  <testcase classname="com.automation.generic.BaseClass" name="@BeforeTest Reports" time="0.0">
    <ignored/>
  </testcase> <!-- @BeforeTest Reports -->
  <testcase classname="com.automation.generic.BaseClass" name="@BeforeTest Reports" time="0.0">
    <ignored/>
  </testcase> <!-- @BeforeTest Reports -->
  <testcase classname="com.automation.generic.BaseClass" name="@AfterTest flush" time="0.0">
    <ignored/>
  </testcase> <!-- @AfterTest flush -->
  <testcase classname="com.automation.generic.BaseClass" name="@AfterTest flush" time="0.0">
    <ignored/>
  </testcase> <!-- @AfterTest flush -->
  <testcase classname="com.automation.generic.BaseClass" name="@AfterTest flush" time="0.0">
    <ignored/>
  </testcase> <!-- @AfterTest flush -->
</testsuite> <!-- Test Cross chrome -->
