<?xml version="1.0" encoding="UTF-8"?>
<!-- Generated by org.testng.reporters.JUnitXMLReporter -->
<testsuite ignored="6" hostname="IN-PG02NMAH" failures="0" tests="5" name="Test" time="30.916" errors="0" timestamp="2024-08-01T23:34:30 IST">
  <testcase classname="com.automation.test.BaseTest" name="@BeforeClass setup" time="3.927">
    <failure type="java.lang.NullPointerException" message="Cannot invoke &amp;quot;com.automation.Utility.propertyFile.propertyfile(String)&amp;quot; because &amp;quot;this.prop&amp;quot; is null">
      <![CDATA[java.lang.NullPointerException: Cannot invoke "com.automation.Utility.propertyFile.propertyfile(String)" because "this.prop" is null
at com.automation.test.BaseTest.setup(BaseTest.java:56)
at java.base/java.util.concurrent.ThreadPoolExecutor.runWorker(ThreadPoolExecutor.java:1144)
at java.base/java.util.concurrent.ThreadPoolExecutor$Worker.run(ThreadPoolExecutor.java:642)
at java.base/java.lang.Thread.run(Thread.java:1583)
... Removed 8 stack frames]]>
    </failure>
  </testcase> <!-- @BeforeClass setup -->
  <testcase classname="com.automation.test.BaseTest" name="@AfterClass closeApp" time="-1.722535443416E9">
    <skipped/>
  </testcase> <!-- @AfterClass closeApp -->
  <testcase classname="com.automation.test.BaseTest" name="@BeforeClass setup" time="2.474">
    <failure type="java.lang.NullPointerException" message="Cannot invoke &amp;quot;com.automation.Utility.propertyFile.propertyfile(String)&amp;quot; because &amp;quot;this.prop&amp;quot; is null">
      <![CDATA[java.lang.NullPointerException: Cannot invoke "com.automation.Utility.propertyFile.propertyfile(String)" because "this.prop" is null
at com.automation.test.BaseTest.setup(BaseTest.java:56)
at java.base/java.util.concurrent.ThreadPoolExecutor.runWorker(ThreadPoolExecutor.java:1144)
at java.base/java.util.concurrent.ThreadPoolExecutor$Worker.run(ThreadPoolExecutor.java:642)
at java.base/java.lang.Thread.run(Thread.java:1583)
... Removed 8 stack frames]]>
    </failure>
  </testcase> <!-- @BeforeClass setup -->
  <testcase classname="com.automation.test.BaseTest" name="@AfterClass closeApp" time="-1.722535445914E9">
    <skipped/>
  </testcase> <!-- @AfterClass closeApp -->
  <testcase classname="com.automation.test.BaseTest" name="@BeforeClass setup" time="3.621">
    <failure type="java.lang.NullPointerException" message="Cannot invoke &amp;quot;com.automation.Utility.propertyFile.propertyfile(String)&amp;quot; because &amp;quot;this.prop&amp;quot; is null">
      <![CDATA[java.lang.NullPointerException: Cannot invoke "com.automation.Utility.propertyFile.propertyfile(String)" because "this.prop" is null
at com.automation.test.BaseTest.setup(BaseTest.java:56)
at java.base/java.util.concurrent.ThreadPoolExecutor.runWorker(ThreadPoolExecutor.java:1144)
at java.base/java.util.concurrent.ThreadPoolExecutor$Worker.run(ThreadPoolExecutor.java:642)
at java.base/java.lang.Thread.run(Thread.java:1583)
... Removed 8 stack frames]]>
    </failure>
  </testcase> <!-- @BeforeClass setup -->
  <testcase classname="com.automation.test.BaseTest" name="@AfterClass closeApp" time="-1.722535449546E9">
    <skipped/>
  </testcase> <!-- @AfterClass closeApp -->
  <testcase classname="com.automation.test.HomePageTitle" name="testTitle" time="0.0">
    <skipped/>
  </testcase> <!-- testTitle -->
  <testcase classname="com.automation.test.HomePageTest" name="VerifyOpinion" time="0.0">
    <skipped/>
  </testcase> <!-- VerifyOpinion -->
  <testcase classname="com.automation.test.HomePageTest" name="verifyTheWorld" time="0.0">
    <skipped/>
  </testcase> <!-- verifyTheWorld -->
  <testcase classname="com.automation.test.SearchFunctionalityTest" name="searchAnyKeyword" time="0.0">
    <skipped/>
  </testcase> <!-- searchAnyKeyword -->
  <testcase classname="com.automation.generic.Login" name="loginPage" time="13.919"/>
  <testcase classname="com.automation.test.BaseTest" name="@AfterTest flush" time="0.0">
    <ignored/>
  </testcase> <!-- @AfterTest flush -->
  <testcase classname="com.automation.test.BaseTest" name="@AfterTest flush" time="0.0">
    <ignored/>
  </testcase> <!-- @AfterTest flush -->
  <testcase classname="com.automation.test.BaseTest" name="@AfterTest flush" time="0.0">
    <ignored/>
  </testcase> <!-- @AfterTest flush -->
  <testcase classname="com.automation.test.BaseTest" name="@BeforeTest reports" time="0.0">
    <ignored/>
  </testcase> <!-- @BeforeTest reports -->
  <testcase classname="com.automation.test.BaseTest" name="@BeforeTest reports" time="0.0">
    <ignored/>
  </testcase> <!-- @BeforeTest reports -->
  <testcase classname="com.automation.test.BaseTest" name="@BeforeTest reports" time="0.0">
    <ignored/>
  </testcase> <!-- @BeforeTest reports -->
</testsuite> <!-- Test -->
