<?xml version="1.0" encoding="UTF-8"?>
<!-- Generated by org.testng.reporters.JUnitXMLReporter -->
<testsuite ignored="2" hostname="IN-PG02NMAH" failures="0" tests="2" name="Test Parallel" time="0.412" errors="0" timestamp="2024-07-30T11:34:13 IST">
  <testcase classname="com.automation.generic.BaseClass" name="@BeforeClass Openapp" time="-1.722319452818E9">
    <failure type="org.testng.TestNGException" message="
Parameter &amp;apos;browser&amp;apos; is required by BeforeClass on method Openapp but has not been marked @Optional or defined
in C:\Users\ragulaganjikoppa\eclipse-workspace\QA-Project\testng.xml">
      <![CDATA[org.testng.TestNGException: 
Parameter 'browser' is required by BeforeClass on method Openapp but has not been marked @Optional or defined
in C:\Users\ragulaganjikoppa\eclipse-workspace\QA-Project\testng.xml
at java.base/java.util.concurrent.ThreadPoolExecutor.runWorker(ThreadPoolExecutor.java:1144)
at java.base/java.util.concurrent.ThreadPoolExecutor$Worker.run(ThreadPoolExecutor.java:642)
at java.base/java.lang.Thread.run(Thread.java:1583)
... Removed 7 stack frames]]>
    </failure>
  </testcase> <!-- @BeforeClass Openapp -->
  <testcase classname="com.automation.generic.BaseClass" name="@BeforeClass Openapp" time="-1.722319452818E9">
    <failure type="org.testng.TestNGException" message="
Parameter &amp;apos;browser&amp;apos; is required by BeforeClass on method Openapp but has not been marked @Optional or defined
in C:\Users\ragulaganjikoppa\eclipse-workspace\QA-Project\testng.xml">
      <![CDATA[org.testng.TestNGException: 
Parameter 'browser' is required by BeforeClass on method Openapp but has not been marked @Optional or defined
in C:\Users\ragulaganjikoppa\eclipse-workspace\QA-Project\testng.xml
at java.base/java.util.concurrent.ThreadPoolExecutor.runWorker(ThreadPoolExecutor.java:1144)
at java.base/java.util.concurrent.ThreadPoolExecutor$Worker.run(ThreadPoolExecutor.java:642)
at java.base/java.lang.Thread.run(Thread.java:1583)
... Removed 7 stack frames]]>
    </failure>
  </testcase> <!-- @BeforeClass Openapp -->
  <testcase classname="com.automation.generic.BaseClass" name="@BeforeMethod nyTimeLogin" time="-1.722319452835E9">
    <skipped/>
  </testcase> <!-- @BeforeMethod nyTimeLogin -->
  <testcase classname="com.automation.generic.BaseClass" name="@BeforeMethod nyTimeLogin" time="-1.722319452835E9">
    <skipped/>
  </testcase> <!-- @BeforeMethod nyTimeLogin -->
  <testcase classname="com.automation.generic.BaseClass" name="@AfterMethod logout" time="-1.722319452842E9">
    <skipped/>
  </testcase> <!-- @AfterMethod logout -->
  <testcase classname="com.automation.generic.BaseClass" name="@AfterMethod logout" time="-1.722319452843E9">
    <skipped/>
  </testcase> <!-- @AfterMethod logout -->
  <testcase classname="com.automation.generic.BaseClass" name="@AfterClass closeapp" time="-1.722319452846E9">
    <skipped/>
  </testcase> <!-- @AfterClass closeapp -->
  <testcase classname="com.automation.generic.BaseClass" name="@AfterClass closeapp" time="-1.722319452846E9">
    <skipped/>
  </testcase> <!-- @AfterClass closeapp -->
  <testcase classname="com.automation.TestScripts.VerifytheWorldSectionPage" name="VeifyTheWorld" time="0.0">
    <skipped/>
  </testcase> <!-- VeifyTheWorld -->
  <testcase classname="com.automation.TestScripts.SearchAnyKeyword" name="Test" time="0.0">
    <skipped/>
  </testcase> <!-- Test -->
  <testcase classname="com.automation.generic.BaseClass" name="@BeforeTest Reports" time="0.0">
    <ignored/>
  </testcase> <!-- @BeforeTest Reports -->
  <testcase classname="com.automation.generic.BaseClass" name="@AfterTest flush" time="0.0">
    <ignored/>
  </testcase> <!-- @AfterTest flush -->
</testsuite> <!-- Test Parallel -->
