<?xml version="1.0" encoding="UTF-8"?>
<testng-results ignored="0" total="0" passed="0" failed="0" skipped="0">
  <reporter-output>
  </reporter-output>
  <suite started-at="2024-07-30T21:44:54 IST" name="Surefire suite" finished-at="2024-07-30T21:44:54 IST" duration-ms="308">
    <groups>
    </groups>
    <test started-at="2024-07-30T21:44:54 IST" name="Surefire test" finished-at="2024-07-30T21:44:54 IST" duration-ms="308">
      <class name="com.automation.generic.BaseTest">
        <test-method is-config="true" signature="Reports()[pri:0, instance:com.automation.generic.BaseTest@1b1473ab]" started-at="2024-07-30T21:44:54 IST" name="Reports" finished-at="2024-07-30T21:44:54 IST" duration-ms="93" status="PASS">
          <reporter-output>
          </reporter-output>
        </test-method> <!-- Reports -->
        <test-method is-config="true" signature="flush()[pri:0, instance:com.automation.generic.BaseTest@1b1473ab]" started-at="2024-07-30T21:44:54 IST" name="flush" finished-at="2024-07-30T21:44:54 IST" duration-ms="206" status="PASS">
          <reporter-output>
          </reporter-output>
        </test-method> <!-- flush -->
      </class> <!-- com.automation.generic.BaseTest -->
    </test> <!-- Surefire test -->
  </suite> <!-- Surefire suite -->
</testng-results>
