<?xml version="1.0" encoding="UTF-8"?>
<testng-results ignored="6" total="9" passed="3" failed="0" skipped="0">
  <reporter-output>
  </reporter-output>
  <suite started-at="2024-07-30T11:35:35 IST" name="Suite" finished-at="2024-07-30T11:36:13 IST" duration-ms="38808">
    <groups>
    </groups>
    <test started-at="2024-07-30T11:35:35 IST" name="Test Cross chrome" finished-at="2024-07-30T11:36:13 IST" duration-ms="38808">
      <class name="com.automation.TestScripts.SearchTheParisOlympics">
        <test-method is-config="true" signature="Openapp(java.lang.String)[pri:0, instance:com.automation.TestScripts.SearchTheParisOlympics@4efbca5a]" started-at="2024-07-30T11:36:00 IST" name="Openapp" finished-at="2024-07-30T11:36:01 IST" duration-ms="1722" status="PASS">
          <params>
            <param index="0">
              <value>
                <![CDATA[chrome]]>
              </value>
            </param>
          </params>
          <reporter-output>
          </reporter-output>
        </test-method> <!-- Openapp -->
        <test-method is-config="true" signature="nyTimeLogin()[pri:0, instance:com.automation.TestScripts.SearchTheParisOlympics@4efbca5a]" started-at="2024-07-30T11:36:01 IST" name="nyTimeLogin" finished-at="2024-07-30T11:36:07 IST" duration-ms="5965" status="PASS">
          <reporter-output>
          </reporter-output>
        </test-method> <!-- nyTimeLogin -->
        <test-method signature="searchParis()[pri:0, instance:com.automation.TestScripts.SearchTheParisOlympics@4efbca5a]" started-at="2024-07-30T11:36:07 IST" name="searchParis" finished-at="2024-07-30T11:36:12 IST" duration-ms="4498" status="PASS">
          <reporter-output>
          </reporter-output>
        </test-method> <!-- searchParis -->
        <test-method is-config="true" signature="logout()[pri:0, instance:com.automation.TestScripts.SearchTheParisOlympics@4efbca5a]" started-at="2024-07-30T11:36:12 IST" name="logout" finished-at="2024-07-30T11:36:12 IST" duration-ms="0" status="PASS">
          <reporter-output>
          </reporter-output>
        </test-method> <!-- logout -->
        <test-method is-config="true" signature="closeapp()[pri:0, instance:com.automation.TestScripts.SearchTheParisOlympics@4efbca5a]" started-at="2024-07-30T11:36:12 IST" name="closeapp" finished-at="2024-07-30T11:36:13 IST" duration-ms="894" status="PASS">
          <reporter-output>
          </reporter-output>
        </test-method> <!-- closeapp -->
      </class> <!-- com.automation.TestScripts.SearchTheParisOlympics -->
      <class name="com.automation.TestScripts.SearchAnyKeyword">
        <test-method is-config="true" signature="Reports()[pri:0, instance:com.automation.TestScripts.SearchAnyKeyword@5c33f1a9]" started-at="2024-07-30T11:35:35 IST" name="Reports" finished-at="2024-07-30T11:35:35 IST" duration-ms="131" status="PASS">
          <reporter-output>
          </reporter-output>
        </test-method> <!-- Reports -->
        <test-method is-config="true" signature="Openapp(java.lang.String)[pri:0, instance:com.automation.TestScripts.SearchAnyKeyword@5c33f1a9]" started-at="2024-07-30T11:35:35 IST" name="Openapp" finished-at="2024-07-30T11:35:37 IST" duration-ms="1892" status="PASS">
          <params>
            <param index="0">
              <value>
                <![CDATA[chrome]]>
              </value>
            </param>
          </params>
          <reporter-output>
          </reporter-output>
        </test-method> <!-- Openapp -->
        <test-method is-config="true" signature="nyTimeLogin()[pri:0, instance:com.automation.TestScripts.SearchAnyKeyword@5c33f1a9]" started-at="2024-07-30T11:35:37 IST" name="nyTimeLogin" finished-at="2024-07-30T11:35:48 IST" duration-ms="11712" status="PASS">
          <reporter-output>
          </reporter-output>
        </test-method> <!-- nyTimeLogin -->
        <test-method signature="Test()[pri:0, instance:com.automation.TestScripts.SearchAnyKeyword@5c33f1a9]" started-at="2024-07-30T11:35:48 IST" name="Test" finished-at="2024-07-30T11:35:51 IST" duration-ms="2619" status="PASS">
          <reporter-output>
          </reporter-output>
        </test-method> <!-- Test -->
        <test-method is-config="true" signature="logout()[pri:0, instance:com.automation.TestScripts.SearchAnyKeyword@5c33f1a9]" started-at="2024-07-30T11:35:51 IST" name="logout" finished-at="2024-07-30T11:35:51 IST" duration-ms="0" status="PASS">
          <reporter-output>
          </reporter-output>
        </test-method> <!-- logout -->
        <test-method is-config="true" signature="closeapp()[pri:0, instance:com.automation.TestScripts.SearchAnyKeyword@5c33f1a9]" started-at="2024-07-30T11:35:51 IST" name="closeapp" finished-at="2024-07-30T11:35:52 IST" duration-ms="990" status="PASS">
          <reporter-output>
          </reporter-output>
        </test-method> <!-- closeapp -->
        <test-method is-config="true" signature="flush()[pri:0, instance:com.automation.TestScripts.SearchAnyKeyword@5c33f1a9]" started-at="2024-07-30T11:36:13 IST" name="flush" finished-at="2024-07-30T11:36:13 IST" duration-ms="616" status="PASS">
          <reporter-output>
          </reporter-output>
        </test-method> <!-- flush -->
      </class> <!-- com.automation.TestScripts.SearchAnyKeyword -->
      <class name="com.automation.TestScripts.VerifytheWorldSectionPage">
        <test-method is-config="true" signature="Openapp(java.lang.String)[pri:0, instance:com.automation.TestScripts.VerifytheWorldSectionPage@6069db50]" started-at="2024-07-30T11:35:52 IST" name="Openapp" finished-at="2024-07-30T11:35:53 IST" duration-ms="1543" status="PASS">
          <params>
            <param index="0">
              <value>
                <![CDATA[chrome]]>
              </value>
            </param>
          </params>
          <reporter-output>
          </reporter-output>
        </test-method> <!-- Openapp -->
        <test-method is-config="true" signature="nyTimeLogin()[pri:0, instance:com.automation.TestScripts.VerifytheWorldSectionPage@6069db50]" started-at="2024-07-30T11:35:53 IST" name="nyTimeLogin" finished-at="2024-07-30T11:35:59 IST" duration-ms="5234" status="PASS">
          <reporter-output>
          </reporter-output>
        </test-method> <!-- nyTimeLogin -->
        <test-method signature="VeifyTheWorld()[pri:0, instance:com.automation.TestScripts.VerifytheWorldSectionPage@6069db50]" started-at="2024-07-30T11:35:59 IST" name="VeifyTheWorld" finished-at="2024-07-30T11:35:59 IST" duration-ms="55" status="PASS">
          <reporter-output>
          </reporter-output>
        </test-method> <!-- VeifyTheWorld -->
        <test-method is-config="true" signature="closeapp()[pri:0, instance:com.automation.TestScripts.VerifytheWorldSectionPage@6069db50]" started-at="2024-07-30T11:35:59 IST" name="closeapp" finished-at="2024-07-30T11:36:00 IST" duration-ms="890" status="PASS">
          <reporter-output>
          </reporter-output>
        </test-method> <!-- closeapp -->
        <test-method is-config="true" signature="logout()[pri:0, instance:com.automation.TestScripts.VerifytheWorldSectionPage@6069db50]" started-at="2024-07-30T11:35:59 IST" name="logout" finished-at="2024-07-30T11:35:59 IST" duration-ms="0" status="PASS">
          <reporter-output>
          </reporter-output>
        </test-method> <!-- logout -->
      </class> <!-- com.automation.TestScripts.VerifytheWorldSectionPage -->
    </test> <!-- Test Cross chrome -->
  </suite> <!-- Suite -->
</testng-results>
