<?xml version="1.0" encoding="UTF-8"?>
<testng-results ignored="0" total="1" passed="1" failed="0" skipped="0">
  <reporter-output>
  </reporter-output>
  <suite started-at="2024-08-02T11:51:46 IST" name="Default suite" finished-at="2024-08-02T11:52:37 IST" duration-ms="51049">
    <groups>
    </groups>
    <test started-at="2024-08-02T11:51:46 IST" name="Default test" finished-at="2024-08-02T11:52:37 IST" duration-ms="51049">
      <class name="com.automation.generic.Login">
        <test-method is-config="true" signature="reports()[pri:0, instance:com.automation.generic.Login@4550bb58]" started-at="2024-08-02T11:51:46 IST" name="reports" finished-at="2024-08-02T11:51:46 IST" duration-ms="155" status="PASS">
          <reporter-output>
          </reporter-output>
        </test-method> <!-- reports -->
        <test-method is-config="true" signature="setup(java.lang.String)[pri:0, instance:com.automation.generic.Login@4550bb58]" started-at="2024-08-02T11:51:46 IST" name="setup" finished-at="2024-08-02T11:52:14 IST" duration-ms="27552" status="PASS">
          <params>
            <param index="0">
              <value>
                <![CDATA[chrome]]>
              </value>
            </param>
          </params>
          <reporter-output>
          </reporter-output>
        </test-method> <!-- setup -->
        <test-method signature="loginPage()[pri:0, instance:com.automation.generic.Login@4550bb58]" started-at="2024-08-02T11:52:14 IST" name="loginPage" finished-at="2024-08-02T11:52:36 IST" duration-ms="22227" status="PASS">
          <reporter-output>
          </reporter-output>
        </test-method> <!-- loginPage -->
        <test-method is-config="true" signature="closeApp()[pri:0, instance:com.automation.generic.Login@4550bb58]" started-at="2024-08-02T11:52:36 IST" name="closeApp" finished-at="2024-08-02T11:52:37 IST" duration-ms="720" status="PASS">
          <reporter-output>
          </reporter-output>
        </test-method> <!-- closeApp -->
        <test-method is-config="true" signature="flush()[pri:0, instance:com.automation.generic.Login@4550bb58]" started-at="2024-08-02T11:52:37 IST" name="flush" finished-at="2024-08-02T11:52:37 IST" duration-ms="360" status="PASS">
          <reporter-output>
          </reporter-output>
        </test-method> <!-- flush -->
      </class> <!-- com.automation.generic.Login -->
    </test> <!-- Default test -->
  </suite> <!-- Default suite -->
</testng-results>
